  scenebasic_uniform.cpp
C:\Users\jason\University\COMP3015_CW2\Coursework\scenebasic_uniform.cpp(380,32): warning C4244: '+=': conversion from 'double' to 'float', possible loss of data
C:\Users\jason\University\COMP3015_CW2\Coursework\scenebasic_uniform.cpp(758,21): warning C4244: 'initializing': conversion from 'float' to 'int', possible loss of data
C:\Users\jason\University\COMP3015_CW2\Coursework\scenebasic_uniform.cpp(760,26): warning C4244: 'initializing': conversion from 'float' to 'int', possible loss of data
C:\Users\jason\University\COMP3015_CW2\Coursework\scenebasic_uniform.cpp(1191,17): warning C4244: '=': conversion from 'double' to 'float', possible loss of data
C:\Users\jason\University\COMP3015_CW2\Coursework\scenebasic_uniform.cpp(1192,17): warning C4244: '=': conversion from 'double' to 'float', possible loss of data
C:\Users\jason\University\COMP3015_CW2\Coursework\scenebasic_uniform.cpp(1196,19): warning C4244: 'initializing': conversion from 'double' to 'float', possible loss of data
C:\Users\jason\University\COMP3015_CW2\Coursework\scenebasic_uniform.cpp(1197,19): warning C4244: 'initializing': conversion from 'double' to 'float', possible loss of data
C:\Users\jason\University\COMP3015_CW2\Coursework\scenebasic_uniform.cpp(1198,13): warning C4244: '=': conversion from 'double' to 'float', possible loss of data
C:\Users\jason\University\COMP3015_CW2\Coursework\scenebasic_uniform.cpp(1199,13): warning C4244: '=': conversion from 'double' to 'float', possible loss of data
LINK : warning LNK4098: defaultlib 'MSVCRTD' conflicts with use of other libs; use /NODEFAULTLIB:library
  Generating code
  12 of 1426 functions ( 0.8%) were compiled, the rest were copied from previous compilation.
    0 functions were new in current compilation
    61 functions had inline decision re-evaluated but remain unchanged
  Finished generating code
glfw3.lib(context.obj) : warning LNK4099: PDB '' was not found with 'glfw3.lib(context.obj)' or at ''; linking object as if no debug info
glfw3.lib(input.obj) : warning LNK4099: PDB '' was not found with 'glfw3.lib(input.obj)' or at ''; linking object as if no debug info
glfw3.lib(window.obj) : warning LNK4099: PDB '' was not found with 'glfw3.lib(window.obj)' or at ''; linking object as if no debug info
glfw3.lib(init.obj) : warning LNK4099: PDB '' was not found with 'glfw3.lib(init.obj)' or at ''; linking object as if no debug info
glfw3.lib(monitor.obj) : warning LNK4099: PDB '' was not found with 'glfw3.lib(monitor.obj)' or at ''; linking object as if no debug info
glfw3.lib(win32_thread.obj) : warning LNK4099: PDB '' was not found with 'glfw3.lib(win32_thread.obj)' or at ''; linking object as if no debug info
glfw3.lib(win32_time.obj) : warning LNK4099: PDB '' was not found with 'glfw3.lib(win32_time.obj)' or at ''; linking object as if no debug info
glfw3.lib(platform.obj) : warning LNK4099: PDB '' was not found with 'glfw3.lib(platform.obj)' or at ''; linking object as if no debug info
glfw3.lib(vulkan.obj) : warning LNK4099: PDB '' was not found with 'glfw3.lib(vulkan.obj)' or at ''; linking object as if no debug info
glfw3.lib(win32_init.obj) : warning LNK4099: PDB '' was not found with 'glfw3.lib(win32_init.obj)' or at ''; linking object as if no debug info
glfw3.lib(null_init.obj) : warning LNK4099: PDB '' was not found with 'glfw3.lib(null_init.obj)' or at ''; linking object as if no debug info
glfw3.lib(win32_module.obj) : warning LNK4099: PDB '' was not found with 'glfw3.lib(win32_module.obj)' or at ''; linking object as if no debug info
glfw3.lib(win32_monitor.obj) : warning LNK4099: PDB '' was not found with 'glfw3.lib(win32_monitor.obj)' or at ''; linking object as if no debug info
glfw3.lib(win32_window.obj) : warning LNK4099: PDB '' was not found with 'glfw3.lib(win32_window.obj)' or at ''; linking object as if no debug info
glfw3.lib(win32_joystick.obj) : warning LNK4099: PDB '' was not found with 'glfw3.lib(win32_joystick.obj)' or at ''; linking object as if no debug info
glfw3.lib(wgl_context.obj) : warning LNK4099: PDB '' was not found with 'glfw3.lib(wgl_context.obj)' or at ''; linking object as if no debug info
glfw3.lib(egl_context.obj) : warning LNK4099: PDB '' was not found with 'glfw3.lib(egl_context.obj)' or at ''; linking object as if no debug info
glfw3.lib(osmesa_context.obj) : warning LNK4099: PDB '' was not found with 'glfw3.lib(osmesa_context.obj)' or at ''; linking object as if no debug info
glfw3.lib(null_monitor.obj) : warning LNK4099: PDB '' was not found with 'glfw3.lib(null_monitor.obj)' or at ''; linking object as if no debug info
glfw3.lib(null_window.obj) : warning LNK4099: PDB '' was not found with 'glfw3.lib(null_window.obj)' or at ''; linking object as if no debug info
glfw3.lib(null_joystick.obj) : warning LNK4099: PDB '' was not found with 'glfw3.lib(null_joystick.obj)' or at ''; linking object as if no debug info
  Project_Template.vcxproj -> C:\Users\jason\University\COMP3015_CW2\Coursework\x64\Release\Project_Template.exe
